<?xml version="1.0" encoding="UTF-8"?>
<testsuite xmlns:xsi="http://www.w3.org/2001/XMLSchema-instance" xsi:noNamespaceSchemaLocation="https://maven.apache.org/surefire/maven-surefire-plugin/xsd/surefire-test-report-3.0.xsd" version="3.0" name="com.testes.redis.RedisSerializerTest" time="0.057" tests="6" errors="0" skipped="0" failures="0">
  <properties>
[...]
</properties>
  <testcase name="shouldExposeSerializationExceptionMessage" classname="com.testes.redis.RedisSerializerTest" time="0.002"/>
  <testcase name="shouldRoundTripDatesWithJsonSerializer" classname="com.testes.redis.RedisSerializerTest" time="0.038"/>
  <testcase name="shouldRoundTripWithJavaSerializer" classname="com.testes.redis.RedisSerializerTest" time="0.008"/>
  <testcase name="shouldRejectInvalidBase64InJavaSerializer" classname="com.testes.redis.RedisSerializerTest" time="0.002"/>
  <testcase name="shouldRejectInvalidJsonPayload" classname="com.testes.redis.RedisSerializerTest" time="0.002"/>
  <testcase name="shouldExposeFactorySerializers" classname="com.testes.redis.RedisSerializerTest" time="0.002"/>
</testsuite>